#
# A fatal error has been detected by the Java Runtime Environment:
#
#  EXCEPTION_ACCESS_VIOLATION (0xc0000005) at pc=0x0000024a28d921e9, pid=2124, tid=15644
#
# JRE version: OpenJDK Runtime Environment Corretto-17.0.6.10.1 (17.0.6+10) (build 17.0.6+10-LTS)
# Java VM: OpenJDK 64-Bit Server VM Corretto-17.0.6.10.1 (17.0.6+10-LTS, mixed mode, emulated-client, sharing, tiered, compressed oops, compressed class ptrs, g1 gc, windows-amd64)
# Problematic frame:
# C  0x0000024a28d921e9
#
# No core dump will be written. Minidumps are not enabled by default on client versions of Windows
#
# If you would like to submit a bug report, please visit:
#   https://github.com/corretto/corretto-17/issues/
#

---------------  S U M M A R Y ------------

Command Line: -Dtelegram.bot.token=5859563101:AAHEImLDvAvadiSeU2pb8eBriLkoNc0_njA -XX:TieredStopAtLevel=1 -Dspring.output.ansi.enabled=always -Dcom.sun.management.jmxremote -Dspring.jmx.enabled=true -Dspring.liveBeansView.mbeanDomain -Dspring.application.admin.enabled=true -Dmanagement.endpoints.jmx.exposure.include=* -javaagent:C:\Program Files\JetBrains\IntelliJ IDEA 2023.1\lib\idea_rt.jar=57391:C:\Program Files\JetBrains\IntelliJ IDEA 2023.1\bin -Dfile.encoding=UTF-8 com.example.animalshelter.AnimalShelterApplication

Host: AMD Ryzen 9 4900H with Radeon Graphics         , 16 cores, 15G,  Windows 10 , 64 bit Build 19041 (10.0.19041.2788)
Time: Thu May  4 17:43:25 2023 RTZ 2 (s 10 , 64 bit Build 19041 (10.0.19041.2788) elapsed time: 1.892497 seconds (0d 0h 0m 1s)

---------------  T H R E A D  ---------------

Current thread (0x0000024a27f933b0):  JavaThread "restartedMain" [_thread_in_vm, id=15644, stack(0x0000006d9f200000,0x0000006d9f300000)]

Stack: [0x0000006d9f200000,0x0000006d9f300000],  sp=0x0000006d9f2fad10,  free space=1003k
Native frames: (J=compiled Java code, j=interpreted, Vv=VM code, C=native code)
C  0x0000024a28d921e9

Java frames: (J=compiled Java code, j=interpreted, Vv=VM code)
J 1155  java.lang.ClassLoader.defineClass1(Ljava/lang/ClassLoader;Ljava/lang/String;[BIILjava/security/ProtectionDomain;Ljava/lang/String;)Ljava/lang/Class; java.base@17.0.6 (0 bytes) @ 0x0000024a17467f63 [0x0000024a17467ea0+0x00000000000000c3]
J 1175 c1 java.lang.ClassLoader.defineClass(Ljava/lang/String;[BIILjava/security/ProtectionDomain;)Ljava/lang/Class; java.base@17.0.6 (43 bytes) @ 0x0000024a1747146c [0x0000024a17471360+0x000000000000010c]
J 1159 c1 jdk.internal.loader.BuiltinClassLoader.defineClass(Ljava/lang/String;Ljdk/internal/loader/Resource;)Ljava/lang/Class; java.base@17.0.6 (121 bytes) @ 0x0000024a1746b0f4 [0x0000024a1746ac20+0x00000000000004d4]
J 1156 c1 jdk.internal.loader.BuiltinClassLoader.findClassOnClassPathOrNull(Ljava/lang/String;)Ljava/lang/Class; java.base@17.0.6 (64 bytes) @ 0x0000024a17468eec [0x0000024a17468c20+0x00000000000002cc]
J 962 c1 jdk.internal.loader.BuiltinClassLoader.loadClassOrNull(Ljava/lang/String;Z)Ljava/lang/Class; java.base@17.0.6 (143 bytes) @ 0x0000024a1740c984 [0x0000024a1740c500+0x0000000000000484]
J 1086 c1 jdk.internal.loader.ClassLoaders$AppClassLoader.loadClass(Ljava/lang/String;Z)Ljava/lang/Class; java.base@17.0.6 (40 bytes) @ 0x0000024a174487ac [0x0000024a17448660+0x000000000000014c]
J 1085 c1 java.lang.ClassLoader.loadClass(Ljava/lang/String;)Ljava/lang/Class; java.base@17.0.6 (7 bytes) @ 0x0000024a17447be4 [0x0000024a17447ba0+0x0000000000000044]
v  ~StubRoutines::call_stub
J 977  java.lang.Class.forName0(Ljava/lang/String;ZLjava/lang/ClassLoader;Ljava/lang/Class;)Ljava/lang/Class; java.base@17.0.6 (0 bytes) @ 0x0000024a17414aaf [0x0000024a17414a20+0x000000000000008f]
J 980 c1 java.lang.Class.forName(Ljava/lang/String;ZLjava/lang/ClassLoader;)Ljava/lang/Class; java.base@17.0.6 (47 bytes) @ 0x0000024a1741533c [0x0000024a17415240+0x00000000000000fc]
J 2601 c1 org.springframework.boot.devtools.restart.classloader.RestartClassLoader.loadClass(Ljava/lang/String;Z)Ljava/lang/Class; (119 bytes) @ 0x0000024a177d47f4 [0x0000024a177d4200+0x00000000000005f4]
J 1085 c1 java.lang.ClassLoader.loadClass(Ljava/lang/String;)Ljava/lang/Class; java.base@17.0.6 (7 bytes) @ 0x0000024a17447be4 [0x0000024a17447ba0+0x0000000000000044]
v  ~StubRoutines::call_stub
J 977  java.lang.Class.forName0(Ljava/lang/String;ZLjava/lang/ClassLoader;Ljava/lang/Class;)Ljava/lang/Class; java.base@17.0.6 (0 bytes) @ 0x0000024a17414aaf [0x0000024a17414a20+0x000000000000008f]
J 980 c1 java.lang.Class.forName(Ljava/lang/String;ZLjava/lang/ClassLoader;)Ljava/lang/Class; java.base@17.0.6 (47 bytes) @ 0x0000024a1741533c [0x0000024a17415240+0x00000000000000fc]
J 2550 c1 org.springframework.util.ClassUtils.forName(Ljava/lang/String;Ljava/lang/ClassLoader;)Ljava/lang/Class; (231 bytes) @ 0x0000024a177b39bc [0x0000024a177b3720+0x000000000000029c]
j  org.springframework.beans.factory.support.AbstractBeanDefinition.resolveBeanClass(Ljava/lang/ClassLoader;)Ljava/lang/Class;+13
j  org.springframework.beans.factory.support.AbstractBeanFactory.doResolveBeanClass(Lorg/springframework/beans/factory/support/RootBeanDefinition;[Ljava/lang/Class;)Ljava/lang/Class;+242
j  org.springframework.beans.factory.support.AbstractBeanFactory.resolveBeanClass(Lorg/springframework/beans/factory/support/RootBeanDefinition;Ljava/lang/String;[Ljava/lang/Class;)Ljava/lang/Class;+15
J 3023 c1 org.springframework.beans.factory.support.AbstractAutowireCapableBeanFactory.determineTargetType(Ljava/lang/String;Lorg/springframework/beans/factory/support/RootBeanDefinition;[Ljava/lang/Class;)Ljava/lang/Class; (83 bytes) @ 0x0000024a17883fa4 [0x0000024a17883ec0+0x00000000000000e4]
J 3022 c1 org.springframework.beans.factory.support.AbstractAutowireCapableBeanFactory.predictBeanType(Ljava/lang/String;Lorg/springframework/beans/factory/support/RootBeanDefinition;[Ljava/lang/Class;)Ljava/lang/Class; (128 bytes) @ 0x0000024a17884624 [0x0000024a178845c0+0x0000000000000064]
J 3012 c1 org.springframework.beans.factory.support.AbstractBeanFactory.isFactoryBean(Ljava/lang/String;Lorg/springframework/beans/factory/support/RootBeanDefinition;)Z (62 bytes) @ 0x0000024a178800ec [0x0000024a1787ff60+0x000000000000018c]
J 3320 c1 org.springframework.beans.factory.support.DefaultListableBeanFactory.doGetBeanNamesForType(Lorg/springframework/core/ResolvableType;ZZ)[Ljava/lang/String; (505 bytes) @ 0x0000024a178f9a34 [0x0000024a178f9680+0x00000000000003b4]
j  org.springframework.beans.factory.support.DefaultListableBeanFactory.getBeanNamesForType(Ljava/lang/Class;ZZ)[Ljava/lang/String;+22
j  org.springframework.boot.autoconfigure.condition.OnBeanCondition.collectBeanNamesForType(Lorg/springframework/beans/factory/ListableBeanFactory;ZLjava/lang/Class;Ljava/util/Set;Ljava/util/Set;)Ljava/util/Set;+6
j  org.springframework.boot.autoconfigure.condition.OnBeanCondition.getBeanNamesForType(Lorg/springframework/beans/factory/ListableBeanFactory;ZLjava/lang/Class;Ljava/util/Set;)Ljava/util/Set;+7
j  org.springframework.boot.autoconfigure.condition.OnBeanCondition.getBeanNamesForType(Ljava/lang/ClassLoader;ZLorg/springframework/beans/factory/ListableBeanFactory;Ljava/lang/String;Ljava/util/Set;)Ljava/util/Set;+11
j  org.springframework.boot.autoconfigure.condition.OnBeanCondition.getMatchingBeans(Lorg/springframework/context/annotation/ConditionContext;Lorg/springframework/boot/autoconfigure/condition/OnBeanCondition$Spec;)Lorg/springframework/boot/autoconfigure/condition/OnBeanCondition$MatchResult;+142
j  org.springframework.boot.autoconfigure.condition.OnBeanCondition.getMatchOutcome(Lorg/springframework/context/annotation/ConditionContext;Lorg/springframework/core/type/AnnotatedTypeMetadata;)Lorg/springframework/boot/autoconfigure/condition/ConditionOutcome;+367
J 3309 c1 org.springframework.boot.autoconfigure.condition.SpringBootCondition.matches(Lorg/springframework/context/annotation/ConditionContext;Lorg/springframework/core/type/AnnotatedTypeMetadata;)Z (79 bytes) @ 0x0000024a178f3254 [0x0000024a178f31e0+0x0000000000000074]
J 3115 c1 org.springframework.context.annotation.ConditionEvaluator.shouldSkip(Lorg/springframework/core/type/AnnotatedTypeMetadata;Lorg/springframework/context/annotation/ConfigurationCondition$ConfigurationPhase;)Z (256 bytes) @ 0x0000024a178adfcc [0x0000024a178ad860+0x000000000000076c]
j  org.springframework.context.annotation.ConfigurationClassBeanDefinitionReader.loadBeanDefinitionsForBeanMethod(Lorg/springframework/context/annotation/BeanMethod;)V+26
j  org.springframework.context.annotation.ConfigurationClassBeanDefinitionReader.loadBeanDefinitionsForConfigurationClass(Lorg/springframework/context/annotation/ConfigurationClass;Lorg/springframework/context/annotation/ConfigurationClassBeanDefinitionReader$TrackedConditionEvaluator;)V+107
j  org.springframework.context.annotation.ConfigurationClassBeanDefinitionReader.loadBeanDefinitions(Ljava/util/Set;)V+40
j  org.springframework.context.annotation.ConfigurationClassPostProcessor.processConfigBeanDefinitions(Lorg/springframework/beans/factory/support/BeanDefinitionRegistry;)V+379
j  org.springframework.context.annotation.ConfigurationClassPostProcessor.postProcessBeanDefinitionRegistry(Lorg/springframework/beans/factory/support/BeanDefinitionRegistry;)V+81
j  org.springframework.context.support.PostProcessorRegistrationDelegate.invokeBeanDefinitionRegistryPostProcessors(Ljava/util/Collection;Lorg/springframework/beans/factory/support/BeanDefinitionRegistry;Lorg/springframework/core/metrics/ApplicationStartup;)V+59
j  org.springframework.context.support.PostProcessorRegistrationDelegate.invokeBeanFactoryPostProcessors(Lorg/springframework/beans/factory/config/ConfigurableListableBeanFactory;Ljava/util/List;)V+238
j  org.springframework.context.support.AbstractApplicationContext.invokeBeanFactoryPostProcessors(Lorg/springframework/beans/factory/config/ConfigurableListableBeanFactory;)V+5
j  org.springframework.context.support.AbstractApplicationContext.refresh()V+53
j  org.springframework.boot.web.servlet.context.ServletWebServerApplicationContext.refresh()V+1
j  org.springframework.boot.SpringApplication.refresh(Lorg/springframework/context/ConfigurableApplicationContext;)V+1
j  org.springframework.boot.SpringApplication.refreshContext(Lorg/springframework/context/ConfigurableApplicationContext;)V+16
j  org.springframework.boot.SpringApplication.run([Ljava/lang/String;)Lorg/springframework/context/ConfigurableApplicationContext;+101
j  org.springframework.boot.SpringApplication.run([Ljava/lang/Class;[Ljava/lang/String;)Lorg/springframework/context/ConfigurableApplicationContext;+9
j  org.springframework.boot.SpringApplication.run(Ljava/lang/Class;[Ljava/lang/String;)Lorg/springframework/context/ConfigurableApplicationContext;+9
j  com.example.animalshelter.AnimalShelterApplication.main([Ljava/lang/String;)V+3
v  ~StubRoutines::call_stub
j  jdk.internal.reflect.NativeMethodAccessorImpl.invoke0(Ljava/lang/reflect/Method;Ljava/lang/Object;[Ljava/lang/Object;)Ljava/lang/Object;+0 java.base@17.0.6
j  jdk.internal.reflect.NativeMethodAccessorImpl.invoke(Ljava/lang/Object;[Ljava/lang/Object;)Ljava/lang/Object;+133 java.base@17.0.6
j  jdk.internal.reflect.DelegatingMethodAccessorImpl.invoke(Ljava/lang/Object;[Ljava/lang/Object;)Ljava/lang/Object;+6 java.base@17.0.6
j  java.lang.reflect.Method.invoke(Ljava/lang/Object;[Ljava/lang/Object;)Ljava/lang/Object;+59 java.base@17.0.6
j  org.springframework.boot.devtools.restart.RestartLauncher.run()V+42
v  ~StubRoutines::call_stub

siginfo: EXCEPTION_ACCESS_VIOLATION (0xc0000005), data execution prevention violation at address 0x0000024a28d921e9


Register to memory mapping:

RIP=0x0000024a28d921e9 points into unknown readable memory: 6f 6e 43 6f 6e 64 69
RAX=0x00000000ffffffff is an unknown value
RBX=0x0000024a28c04ca0 points into unknown readable memory: 0x0000000000000000 | 00 00 00 00 00 00 00 00
RCX=0x01004b4c6f72672f is an unknown value
RDX=0x00000000002d400c is an unknown value
RSP=0x0000006d9f2fad10 is pointing into the stack for thread: 0x0000024a27f933b0
RBP=0x0000024a28d91430 points into unknown readable memory: 0x3d000000bebafeca | ca fe ba be 00 00 00 3d
RSI=0x0000000000000002 is an unknown value
RDI=0x0000024a28abdce0 points into unknown readable memory: 0x6f4c003ac61e0025 | 25 00 1e c6 3a 00 4c 6f
R8 =0x0000000000000018 is an unknown value
R9 =0x0000000000000002 is an unknown value
R10=0x0000000000000020 is an unknown value
R11=0x0000006d9f2fac78 is pointing into the stack for thread: 0x0000024a27f933b0
R12=0x0000000000000001 is an unknown value
R13=0x0000024a27f933b0 is a thread
R14=0x0000006d9f2fac50 is pointing into the stack for thread: 0x0000024a27f933b0
R15=0x0000024a2685b790 points into unknown readable memory: 0x0000000000000000 | 00 00 00 00 00 00 00 00


Registers:
RAX=0x00000000ffffffff, RBX=0x0000024a28c04ca0, RCX=0x01004b4c6f72672f, RDX=0x00000000002d400c
RSP=0x0000006d9f2fad10, RBP=0x0000024a28d91430, RSI=0x0000000000000002, RDI=0x0000024a28abdce0
R8 =0x0000000000000018, R9 =0x0000000000000002, R10=0x0000000000000020, R11=0x0000006d9f2fac78
R12=0x0000000000000001, R13=0x0000024a27f933b0, R14=0x0000006d9f2fac50, R15=0x0000024a2685b790
RIP=0x0000024a28d921e9, EFLAGS=0x0000000000010297

Top of Stack: (sp=0x0000006d9f2fad10)
0x0000006d9f2fad10:   0000024a28d91d2c 0000006d9f2fb6b0
0x0000006d9f2fad20:   0000006d9f2f0001 0000024a00000006
0x0000006d9f2fad30:   0000000000000006 000000000000005a
0x0000006d9f2fad40:   0000024a9eee4f74 0000024a2a4df230
0x0000006d9f2fad50:   0000024a27f933b0 0000006d9f2fb510
0x0000006d9f2fad60:   503fa634af74f0f4 5d9c4d067be900af
0x0000006d9f2fad70:   b6c080243b40efb3 e35f103ea826201d
0x0000006d9f2fad80:   0000004f0000004c 0000005600000050
0x0000006d9f2fad90:   0000005900000057 0000004600000043
0x0000006d9f2fada0:   0000001700000052 0000001f0000003a
0x0000006d9f2fadb0:   0000002200000074 0000003900000070
0x0000006d9f2fadc0:   0000024a28d91a4a 0000024a28d91af2
0x0000006d9f2fadd0:   0000024a28d91b0c 0000024a28d91c27
0x0000006d9f2fade0:   0000024a28d91c49 0000024a28d91ccd
0x0000006d9f2fadf0:   0000024a28d91919 0000024a28d91996
0x0000006d9f2fae00:   0000cbf3d6bc09ee 0000000718b762a0 

Instructions: (pc=0x0000024a28d921e9)
0x0000024a28d920e9:   32 00 3f 00 4a 00 00 00 16 00 02 00 00 00 34 00
0x0000024a28d920f9:   4b 00 4c 00 00 00 08 00 2c 00 51 00 52 00 01 00
0x0000024a28d92109:   53 00 00 00 0a 00 02 00 54 00 00 00 55 00 00 00
0x0000024a28d92119:   01 00 56 00 57 00 02 00 48 00 00 00 36 00 03 00
0x0000024a28d92129:   01 00 00 00 0c bb 00 42 59 2a b4 00 13 b7 00 44
0x0000024a28d92139:   b0 00 00 00 02 00 49 00 00 00 06 00 01 00 00 00
0x0000024a28d92149:   44 00 4a 00 00 00 0c 00 01 00 00 00 0c 00 4b 00
0x0000024a28d92159:   4c 00 00 00 53 00 00 00 06 00 01 00 54 00 00 00
0x0000024a28d92169:   04 00 58 00 00 00 02 00 59 00 53 00 00 00 3f 00
0x0000024a28d92179:   05 00 5a 00 00 00 5b 00 01 00 5c 5b 00 01 63 00
0x0000024a28d92189:   4d 00 5d 00 01 00 5e 65 00 5f 00 60 00 61 00 01
0x0000024a28d92199:   00 5c 5b 00 01 63 00 52 00 62 00 03 00 63 73 00
0x0000024a28d921a9:   64 00 5c 5b 00 01 73 00 65 00 66 5a 00 67 00 68
0x0000024a28d921b9:   00 00 00 04 00 01 00 42 00 69 00 00 00 22 00 04
0x0000024a28d921c9:   00 0e 00 08 00 6a 00 09 00 2f 00 1d 00 6b 40 19
0x0000024a28d921d9:   00 42 00 14 00 6c 00 08 00 6d 00 6f 00 6b 40 19
0x0000024a28d921e9:   6f 6e 43 6f 6e 64 69 74 69 6f 6e 3b 01 00 0b 5d
0x0000024a28d921f9:   07 31 58 29 53 91 10 30 24 d9 28 4a 02 00 00 43
0x0000024a28d92209:   00 3a 00 5c 00 57 00 69 00 6e 00 64 00 6f 00 77
0x0000024a28d92219:   00 73 00 5c 00 53 00 59 00 53 00 54 00 45 00 4d
0x0000024a28d92229:   00 33 00 32 00 00 00 00 00 00 00 00 00 00 00 00
0x0000024a28d92239:   00 00 00 00 00 00 00 00 00 00 00 00 00 00 00 00
0x0000024a28d92249:   00 00 00 00 00 00 00 00 00 00 00 00 00 00 00 00
0x0000024a28d92259:   00 00 00 00 00 00 00 00 00 00 00 00 00 00 00 00
0x0000024a28d92269:   00 00 00 00 00 00 00 00 00 00 00 00 00 00 00 00
0x0000024a28d92279:   00 00 00 00 00 00 00 00 00 00 00 00 00 00 00 00
0x0000024a28d92289:   00 00 00 00 00 00 00 00 00 00 00 00 00 00 00 00
0x0000024a28d92299:   00 00 00 00 00 00 00 00 00 00 00 00 00 00 00 00
0x0000024a28d922a9:   00 00 00 00 00 00 00 00 00 00 00 00 00 00 00 00
0x0000024a28d922b9:   00 00 00 00 00 00 00 00 00 00 00 00 00 00 00 00
0x0000024a28d922c9:   00 00 00 00 00 00 00 00 00 00 00 00 00 00 00 00
0x0000024a28d922d9:   00 00 00 00 00 00 00 00 00 00 00 00 00 00 00 00 


Stack slot to memory mapping:
stack at sp + 0 slots: 0x0000024a28d91d2c points into unknown readable memory: 01 00 4b 4c
stack at sp + 1 slots: 0x0000006d9f2fb6b0 is pointing into the stack for thread: 0x0000024a27f933b0
stack at sp + 2 slots: 0x0000006d9f2f0001 is pointing into the stack for thread: 0x0000024a27f933b0
stack at sp + 3 slots: 0x0000024a00000006 is an unknown value
stack at sp + 4 slots: 0x0000000000000006 is an unknown value
stack at sp + 5 slots: 0x000000000000005a is an unknown value
stack at sp + 6 slots: 0x0000024a9eee4f74 is an unknown value
stack at sp + 7 slots: 0x0000024a2a4df230 is pointing into metadata


---------------  P R O C E S S  ---------------

Threads class SMR info:
_java_thread_list=0x0000024a28c67230, length=22, elements={
0x0000024a0f50c3c0, 0x0000024a269967d0, 0x0000024a26997350, 0x0000024a27412170,
0x0000024a27413d00, 0x0000024a274155d0, 0x0000024a27415e90, 0x0000024a27416750,
0x0000024a2741a550, 0x0000024a275b4a70, 0x0000024a26980800, 0x0000024a275c51c0,
0x0000024a27b401f0, 0x0000024a27bb49b0, 0x0000024a27bba590, 0x0000024a27dcdc70,
0x0000024a27f928c0, 0x0000024a27f933b0, 0x0000024a2878d790, 0x0000024a287ac830,
0x0000024a288ed120, 0x0000024a288ed630
}

Java Threads: ( => current thread )
  0x0000024a0f50c3c0 JavaThread "main" [_thread_blocked, id=15760, stack(0x0000006d9d400000,0x0000006d9d500000)]
  0x0000024a269967d0 JavaThread "Reference Handler" daemon [_thread_blocked, id=13688, stack(0x0000006d9db00000,0x0000006d9dc00000)]
  0x0000024a26997350 JavaThread "Finalizer" daemon [_thread_blocked, id=16892, stack(0x0000006d9dc00000,0x0000006d9dd00000)]
  0x0000024a27412170 JavaThread "Signal Dispatcher" daemon [_thread_blocked, id=15456, stack(0x0000006d9dd00000,0x0000006d9de00000)]
  0x0000024a27413d00 JavaThread "Attach Listener" daemon [_thread_blocked, id=10356, stack(0x0000006d9de00000,0x0000006d9df00000)]
  0x0000024a274155d0 JavaThread "Service Thread" daemon [_thread_blocked, id=8664, stack(0x0000006d9df00000,0x0000006d9e000000)]
  0x0000024a27415e90 JavaThread "Monitor Deflation Thread" daemon [_thread_blocked, id=16476, stack(0x0000006d9e000000,0x0000006d9e100000)]
  0x0000024a27416750 JavaThread "C1 CompilerThread0" daemon [_thread_blocked, id=14512, stack(0x0000006d9e100000,0x0000006d9e200000)]
  0x0000024a2741a550 JavaThread "Sweeper thread" daemon [_thread_blocked, id=8276, stack(0x0000006d9e200000,0x0000006d9e300000)]
  0x0000024a275b4a70 JavaThread "C1 CompilerThread1" daemon [_thread_blocked, id=8364, stack(0x0000006d9e300000,0x0000006d9e400000)]
  0x0000024a26980800 JavaThread "Common-Cleaner" daemon [_thread_blocked, id=12276, stack(0x0000006d9e400000,0x0000006d9e500000)]
  0x0000024a275c51c0 JavaThread "C1 CompilerThread2" daemon [_thread_blocked, id=13468, stack(0x0000006d9e500000,0x0000006d9e600000)]
  0x0000024a27b401f0 JavaThread "C1 CompilerThread3" daemon [_thread_blocked, id=8640, stack(0x0000006d9e600000,0x0000006d9e700000)]
  0x0000024a27bb49b0 JavaThread "Monitor Ctrl-Break" daemon [_thread_in_native, id=13176, stack(0x0000006d9e700000,0x0000006d9e800000)]
  0x0000024a27bba590 JavaThread "Notification Thread" daemon [_thread_blocked, id=17304, stack(0x0000006d9e800000,0x0000006d9e900000)]
  0x0000024a27dcdc70 JavaThread "RMI TCP Accept-0" daemon [_thread_in_native, id=13204, stack(0x0000006d9e900000,0x0000006d9ea00000)]
  0x0000024a27f928c0 JavaThread "Thread-0" [_thread_blocked, id=2676, stack(0x0000006d9f100000,0x0000006d9f200000)]
=>0x0000024a27f933b0 JavaThread "restartedMain" [_thread_in_vm, id=15644, stack(0x0000006d9f200000,0x0000006d9f300000)]
  0x0000024a2878d790 JavaThread "RMI TCP Connection(1)-192.168.0.5" daemon [_thread_in_native, id=13780, stack(0x0000006d9f600000,0x0000006d9f700000)]
  0x0000024a287ac830 JavaThread "RMI Scheduler(0)" daemon [_thread_blocked, id=14780, stack(0x0000006d9f700000,0x0000006d9f800000)]
  0x0000024a288ed120 JavaThread "C1 CompilerThread4" daemon [_thread_blocked, id=14392, stack(0x0000006d9f900000,0x0000006d9fa00000)]
  0x0000024a288ed630 JavaThread "C1 CompilerThread5" daemon [_thread_blocked, id=9828, stack(0x0000006d9fa00000,0x0000006d9fb00000)]

Other Threads:
  0x0000024a26991dc0 VMThread "VM Thread" [stack: 0x0000006d9da00000,0x0000006d9db00000] [id=11916]
  0x0000024a0f59c660 WatcherThread [stack: 0x0000006d9ea00000,0x0000006d9eb00000] [id=7440]
  0x0000024a0f5764b0 GCTaskThread "GC Thread#0" [stack: 0x0000006d9d500000,0x0000006d9d600000] [id=11404]
  0x0000024a27ef1020 GCTaskThread "GC Thread#1" [stack: 0x0000006d9eb00000,0x0000006d9ec00000] [id=6788]
  0x0000024a27ef12d0 GCTaskThread "GC Thread#2" [stack: 0x0000006d9ec00000,0x0000006d9ed00000] [id=6128]
  0x0000024a27ef1580 GCTaskThread "GC Thread#3" [stack: 0x0000006d9ed00000,0x0000006d9ee00000] [id=18384]
  0x0000024a27ef1830 GCTaskThread "GC Thread#4" [stack: 0x0000006d9ee00000,0x0000006d9ef00000] [id=15184]
  0x0000024a27f82b80 GCTaskThread "GC Thread#5" [stack: 0x0000006d9ef00000,0x0000006d9f000000] [id=17156]
  0x0000024a27f82e30 GCTaskThread "GC Thread#6" [stack: 0x0000006d9f000000,0x0000006d9f100000] [id=13804]
  0x0000024a285c85d0 GCTaskThread "GC Thread#7" [stack: 0x0000006d9f400000,0x0000006d9f500000] [id=2308]
  0x0000024a285fb080 GCTaskThread "GC Thread#8" [stack: 0x0000006d9f500000,0x0000006d9f600000] [id=15688]
  0x0000024a28be43f0 GCTaskThread "GC Thread#9" [stack: 0x0000006d9f300000,0x0000006d9f400000] [id=11040]
  0x0000024a28be56b0 GCTaskThread "GC Thread#10" [stack: 0x0000006d9f800000,0x0000006d9f900000] [id=16696]
  0x0000024a28be5960 GCTaskThread "GC Thread#11" [stack: 0x0000006d9fb00000,0x0000006d9fc00000] [id=14280]
  0x0000024a28af0c60 GCTaskThread "GC Thread#12" [stack: 0x0000006d9fc00000,0x0000006d9fd00000] [id=7844]
  0x0000024a0f5879d0 ConcurrentGCThread "G1 Main Marker" [stack: 0x0000006d9d600000,0x0000006d9d700000] [id=17908]
  0x0000024a0f5882f0 ConcurrentGCThread "G1 Conc#0" [stack: 0x0000006d9d700000,0x0000006d9d800000] [id=16444]
  0x0000024a28aefc40 ConcurrentGCThread "G1 Conc#1" [stack: 0x0000006d9fd00000,0x0000006d9fe00000] [id=2280]
  0x0000024a28af0f10 ConcurrentGCThread "G1 Conc#2" [stack: 0x0000006d9fe00000,0x0000006d9ff00000] [id=3812]
  0x0000024a26845760 ConcurrentGCThread "G1 Refine#0" [stack: 0x0000006d9d800000,0x0000006d9d900000] [id=7416]
  0x0000024a26847fa0 ConcurrentGCThread "G1 Service" [stack: 0x0000006d9d900000,0x0000006d9da00000] [id=14544]

Threads with active compile tasks:

VM state: not at safepoint (normal execution)

VM Mutex/Monitor currently owned by a thread: None

Heap address: 0x0000000709400000, size: 3948 MB, Compressed Oops mode: Zero based, Oop shift amount: 3

CDS archive(s) mapped at: [0x0000000800000000-0x0000000800bc0000-0x0000000800bc0000), size 12320768, SharedBaseAddress: 0x0000000800000000, ArchiveRelocationMode: 0.
Compressed class space mapped at: 0x0000000800c00000-0x0000000840c00000, reserved size: 1073741824
Narrow klass base: 0x0000000800000000, Narrow klass shift: 0, Narrow klass range: 0x100000000

GC Precious Log:
 CPUs: 16 total, 16 available
 Memory: 15789M
 Large Page Support: Disabled
 NUMA Support: Disabled
 Compressed Oops: Enabled (Zero based)
 Heap Region Size: 2M
 Heap Min Capacity: 8M
 Heap Initial Capacity: 248M
 Heap Max Capacity: 3948M
 Pre-touch: Disabled
 Parallel Workers: 13
 Concurrent Workers: 3
 Concurrent Refinement Workers: 13
 Periodic GC: Disabled

Heap:
 garbage-first heap   total 61440K, used 16015K [0x0000000709400000, 0x0000000800000000)
  region size 2048K, 3 young (6144K), 2 survivors (4096K)
 Metaspace       used 23971K, committed 24256K, reserved 1073152K
  class space    used 3362K, committed 3520K, reserved 1048576K

Heap Regions: E=young(eden), S=young(survivor), O=old, HS=humongous(starts), HC=humongous(continues), CS=collection set, F=free, OA=open archive, CA=closed archive, TAMS=top-at-mark-start (previous, next)
|   0|0x0000000709400000, 0x0000000709600000, 0x0000000709600000|100%| O|  |TAMS 0x0000000709600000, 0x0000000709400000| Untracked 
|   1|0x0000000709600000, 0x0000000709800000, 0x0000000709800000|100%| O|  |TAMS 0x0000000709800000, 0x0000000709600000| Untracked 
|   2|0x0000000709800000, 0x0000000709a00000, 0x0000000709a00000|100%| O|  |TAMS 0x0000000709a00000, 0x0000000709800000| Untracked 
|   3|0x0000000709a00000, 0x0000000709c00000, 0x0000000709c00000|100%| O|  |TAMS 0x0000000709c00000, 0x0000000709a00000| Untracked 
|   4|0x0000000709c00000, 0x0000000709c31000, 0x0000000709e00000|  9%| O|  |TAMS 0x0000000709c31000, 0x0000000709c00000| Complete 
|   5|0x0000000709e00000, 0x000000070a000000, 0x000000070a000000|100%| O|  |TAMS 0x0000000709e00000, 0x0000000709e00000| Untracked 
|   6|0x000000070a000000, 0x000000070a200000, 0x000000070a200000|100%| O|  |TAMS 0x000000070a000000, 0x000000070a000000| Untracked 
|   7|0x000000070a200000, 0x000000070a30fc00, 0x000000070a400000| 53%| O|  |TAMS 0x000000070a200000, 0x000000070a200000| Untracked 
|   8|0x000000070a400000, 0x000000070a400000, 0x000000070a600000|  0%| F|  |TAMS 0x000000070a400000, 0x000000070a400000| Untracked 
|   9|0x000000070a600000, 0x000000070a600000, 0x000000070a800000|  0%| F|  |TAMS 0x000000070a600000, 0x000000070a600000| Untracked 
|  10|0x000000070a800000, 0x000000070a8633a0, 0x000000070aa00000| 19%| S|CS|TAMS 0x000000070a800000, 0x000000070a800000| Complete 
|  11|0x000000070aa00000, 0x000000070ac00000, 0x000000070ac00000|100%| S|CS|TAMS 0x000000070aa00000, 0x000000070aa00000| Complete 
|  12|0x000000070ac00000, 0x000000070ac00000, 0x000000070ae00000|  0%| F|  |TAMS 0x000000070ac00000, 0x000000070ac00000| Untracked 
|  13|0x000000070ae00000, 0x000000070ae00000, 0x000000070b000000|  0%| F|  |TAMS 0x000000070ae00000, 0x000000070ae00000| Untracked 
|  14|0x000000070b000000, 0x000000070b000000, 0x000000070b200000|  0%| F|  |TAMS 0x000000070b000000, 0x000000070b000000| Untracked 
|  15|0x000000070b200000, 0x000000070b200000, 0x000000070b400000|  0%| F|  |TAMS 0x000000070b200000, 0x000000070b200000| Untracked 
|  16|0x000000070b400000, 0x000000070b400000, 0x000000070b600000|  0%| F|  |TAMS 0x000000070b400000, 0x000000070b400000| Untracked 
|  17|0x000000070b600000, 0x000000070b600000, 0x000000070b800000|  0%| F|  |TAMS 0x000000070b600000, 0x000000070b600000| Untracked 
|  18|0x000000070b800000, 0x000000070b800000, 0x000000070ba00000|  0%| F|  |TAMS 0x000000070b800000, 0x000000070b800000| Untracked 
|  19|0x000000070ba00000, 0x000000070ba00000, 0x000000070bc00000|  0%| F|  |TAMS 0x000000070ba00000, 0x000000070ba00000| Untracked 
|  20|0x000000070bc00000, 0x000000070bc00000, 0x000000070be00000|  0%| F|  |TAMS 0x000000070bc00000, 0x000000070bc00000| Untracked 
|  21|0x000000070be00000, 0x000000070be00000, 0x000000070c000000|  0%| F|  |TAMS 0x000000070be00000, 0x000000070be00000| Untracked 
|  22|0x000000070c000000, 0x000000070c000000, 0x000000070c200000|  0%| F|  |TAMS 0x000000070c000000, 0x000000070c000000| Untracked 
|  23|0x000000070c200000, 0x000000070c200000, 0x000000070c400000|  0%| F|  |TAMS 0x000000070c200000, 0x000000070c200000| Untracked 
|  24|0x000000070c400000, 0x000000070c400000, 0x000000070c600000|  0%| F|  |TAMS 0x000000070c400000, 0x000000070c400000| Untracked 
|  25|0x000000070c600000, 0x000000070c600000, 0x000000070c800000|  0%| F|  |TAMS 0x000000070c600000, 0x000000070c600000| Untracked 
| 119|0x0000000718200000, 0x0000000718200000, 0x0000000718400000|  0%| F|  |TAMS 0x0000000718200000, 0x0000000718200000| Untracked 
| 120|0x0000000718400000, 0x0000000718400000, 0x0000000718600000|  0%| F|  |TAMS 0x0000000718400000, 0x0000000718400000| Untracked 
| 121|0x0000000718600000, 0x0000000718600000, 0x0000000718800000|  0%| F|  |TAMS 0x0000000718600000, 0x0000000718600000| Untracked 
| 123|0x0000000718a00000, 0x0000000718b7cf80, 0x0000000718c00000| 74%| E|  |TAMS 0x0000000718a00000, 0x0000000718a00000| Complete 

Card table byte_map: [0x0000024a1ae20000,0x0000024a1b5e0000] _byte_map_base: 0x0000024a175d6000

Marking Bits (Prev, Next): (CMBitMap*) 0x0000024a0f577a20, (CMBitMap*) 0x0000024a0f5779e0
 Prev Bits: [0x0000024a1fb50000, 0x0000024a23900000)
 Next Bits: [0x0000024a1bda0000, 0x0000024a1fb50000)

Polling page: 0x0000024a0ecd0000

Metaspace:

Usage:
  Non-class:     20.13 MB used.
      Class:      3.28 MB used.
       Both:     23.41 MB used.

Virtual space:
  Non-class space:       24.00 MB reserved,      20.25 MB ( 84%) committed,  3 nodes.
      Class space:        1.00 GB reserved,       3.44 MB ( <1%) committed,  1 nodes.
             Both:        1.02 GB reserved,      23.69 MB (  2%) committed. 

Chunk freelists:
   Non-Class:  3.13 MB
       Class:  464.00 KB
        Both:  3.58 MB

MaxMetaspaceSize: unlimited
CompressedClassSpaceSize: 1.00 GB
Initial GC threshold: 21.00 MB
Current GC threshold: 35.25 MB
CDS: on
MetaspaceReclaimPolicy: balanced
 - commit_granule_bytes: 65536.
 - commit_granule_words: 8192.
 - virtual_space_node_default_size: 1048576.
 - enlarge_chunks_in_place: 1.
 - new_chunks_are_fully_committed: 0.
 - uncommit_free_chunks: 1.
 - use_allocation_guard: 0.
 - handle_deallocations: 1.


Internal statistics:

num_allocs_failed_limit: 3.
num_arena_births: 332.
num_arena_deaths: 0.
num_vsnodes_births: 4.
num_vsnodes_deaths: 0.
num_space_committed: 379.
num_space_uncommitted: 0.
num_chunks_returned_to_freelist: 3.
num_chunks_taken_from_freelist: 1166.
num_chunk_merges: 3.
num_chunk_splits: 779.
num_chunks_enlarged: 574.
num_purges: 0.
num_inconsistent_stats: 0.

CodeCache: size=49152Kb used=9239Kb max_used=9239Kb free=39912Kb
 bounds [0x0000024a17000000, 0x0000024a17910000, 0x0000024a1a000000]
 total_blobs=3848 nmethods=3335 adapters=435
 compilation: enabled
              stopped_count=0, restarted_count=0
 full_count=0

Compilation events (20 events):
Event: 1.869 Thread 0x0000024a27b401f0 nmethod 3325 0x0000024a178fde10 code [0x0000024a178fdfa0, 0x0000024a178fe088]
Event: 1.870 Thread 0x0000024a27416750 nmethod 3326 0x0000024a178fe190 code [0x0000024a178fe3e0, 0x0000024a178fedf8]
Event: 1.873 Thread 0x0000024a27b401f0 3327       1       java.util.HashMap::putAll (7 bytes)
Event: 1.873 Thread 0x0000024a27b401f0 nmethod 3327 0x0000024a178ff210 code [0x0000024a178ff3a0, 0x0000024a178ff488]
Event: 1.874 Thread 0x0000024a27b401f0 3328   !   1       org.springframework.beans.factory.support.DefaultListableBeanFactory::updateManualSingletonNames (93 bytes)
Event: 1.875 Thread 0x0000024a27b401f0 nmethod 3328 0x0000024a178ff510 code [0x0000024a178ff740, 0x0000024a178ffcf8]
Event: 1.877 Thread 0x0000024a288ed120 3329       1       org.springframework.context.annotation.ConfigurationMethod::getConfigurationClass (5 bytes)
Event: 1.877 Thread 0x0000024a288ed120 nmethod 3329 0x0000024a17900010 code [0x0000024a179001a0, 0x0000024a17900278]
Event: 1.881 Thread 0x0000024a288ed630 3330       1       java.util.stream.SpinedBuffer::clear (88 bytes)
Event: 1.882 Thread 0x0000024a288ed630 nmethod 3330 0x0000024a17900310 code [0x0000024a179004c0, 0x0000024a17900798]
Event: 1.885 Thread 0x0000024a288ed630 3331       1       org.springframework.beans.factory.config.BeanDefinitionHolder::getBeanDefinition (5 bytes)
Event: 1.885 Thread 0x0000024a288ed630 nmethod 3331 0x0000024a17900910 code [0x0000024a17900aa0, 0x0000024a17900b78]
Event: 1.886 Thread 0x0000024a288ed120 3332       1       org.springframework.beans.factory.support.RootBeanDefinition::setInstanceSupplier (38 bytes)
Event: 1.886 Thread 0x0000024a288ed120 nmethod 3332 0x0000024a17900c10 code [0x0000024a17900de0, 0x0000024a17901248]
Event: 1.886 Thread 0x0000024a288ed630 3333       1       org.springframework.beans.factory.support.AbstractBeanDefinition::<init> (461 bytes)
Event: 1.886 Thread 0x0000024a275c51c0 3334       1       org.springframework.beans.factory.support.RootBeanDefinition::setParentName (15 bytes)
Event: 1.886 Thread 0x0000024a275b4a70 3335       1       org.springframework.beans.factory.support.AbstractBeanDefinition::copyQualifiersFrom (21 bytes)
Event: 1.886 Thread 0x0000024a275c51c0 nmethod 3334 0x0000024a17901410 code [0x0000024a179015a0, 0x0000024a17901708]
Event: 1.886 Thread 0x0000024a275b4a70 nmethod 3335 0x0000024a17901790 code [0x0000024a17901940, 0x0000024a17901ad8]
Event: 1.888 Thread 0x0000024a288ed630 nmethod 3333 0x0000024a17901c10 code [0x0000024a17902060, 0x0000024a17904eb8]

GC Heap History (10 events):
Event: 0.579 GC heap before
{Heap before GC invocations=0 (full 0):
 garbage-first heap   total 253952K, used 22528K [0x0000000709400000, 0x0000000800000000)
  region size 2048K, 11 young (22528K), 0 survivors (0K)
 Metaspace       used 6592K, committed 6720K, reserved 1056768K
  class space    used 836K, committed 896K, reserved 1048576K
}
Event: 0.583 GC heap after
{Heap after GC invocations=1 (full 0):
 garbage-first heap   total 253952K, used 8192K [0x0000000709400000, 0x0000000800000000)
  region size 2048K, 2 young (4096K), 2 survivors (4096K)
 Metaspace       used 6592K, committed 6720K, reserved 1056768K
  class space    used 836K, committed 896K, reserved 1048576K
}
Event: 0.917 GC heap before
{Heap before GC invocations=1 (full 0):
 garbage-first heap   total 253952K, used 30720K [0x0000000709400000, 0x0000000800000000)
  region size 2048K, 13 young (26624K), 2 survivors (4096K)
 Metaspace       used 10146K, committed 10368K, reserved 1064960K
  class space    used 1397K, committed 1536K, reserved 1048576K
}
Event: 0.920 GC heap after
{Heap after GC invocations=2 (full 0):
 garbage-first heap   total 253952K, used 9990K [0x0000000709400000, 0x0000000800000000)
  region size 2048K, 1 young (2048K), 1 survivors (2048K)
 Metaspace       used 10146K, committed 10368K, reserved 1064960K
  class space    used 1397K, committed 1536K, reserved 1048576K
}
Event: 1.455 GC heap before
{Heap before GC invocations=2 (full 0):
 garbage-first heap   total 253952K, used 71430K [0x0000000709400000, 0x0000000800000000)
  region size 2048K, 32 young (65536K), 1 survivors (2048K)
 Metaspace       used 21066K, committed 21376K, reserved 1073152K
  class space    used 2908K, committed 3072K, reserved 1048576K
}
Event: 1.458 GC heap after
{Heap after GC invocations=3 (full 0):
 garbage-first heap   total 253952K, used 14239K [0x0000000709400000, 0x0000000800000000)
  region size 2048K, 3 young (6144K), 3 survivors (6144K)
 Metaspace       used 21066K, committed 21376K, reserved 1073152K
  class space    used 2908K, committed 3072K, reserved 1048576K
}
Event: 1.472 GC heap before
{Heap before GC invocations=3 (full 0):
 garbage-first heap   total 253952K, used 16287K [0x0000000709400000, 0x0000000800000000)
  region size 2048K, 5 young (10240K), 3 survivors (6144K)
 Metaspace       used 21238K, committed 21504K, reserved 1073152K
  class space    used 2928K, committed 3072K, reserved 1048576K
}
Event: 1.475 GC heap after
{Heap after GC invocations=4 (full 0):
 garbage-first heap   total 253952K, used 14477K [0x0000000709400000, 0x0000000800000000)
  region size 2048K, 3 young (6144K), 3 survivors (6144K)
 Metaspace       used 21238K, committed 21504K, reserved 1073152K
  class space    used 2928K, committed 3072K, reserved 1048576K
}
Event: 1.861 GC heap before
{Heap before GC invocations=5 (full 0):
 garbage-first heap   total 61440K, used 43149K [0x0000000709400000, 0x0000000800000000)
  region size 2048K, 18 young (36864K), 3 survivors (6144K)
 Metaspace       used 23843K, committed 24192K, reserved 1073152K
  class space    used 3344K, committed 3520K, reserved 1048576K
}
Event: 1.866 GC heap after
{Heap after GC invocations=6 (full 0):
 garbage-first heap   total 61440K, used 16015K [0x0000000709400000, 0x0000000800000000)
  region size 2048K, 2 young (4096K), 2 survivors (4096K)
 Metaspace       used 23843K, committed 24192K, reserved 1073152K
  class space    used 3344K, committed 3520K, reserved 1048576K
}

Dll operation events (12 events):
Event: 0.006 Loaded shared library C:\Users\roman\.jdks\corretto-17.0.6\bin\java.dll
Event: 0.013 Loaded shared library C:\Users\roman\.jdks\corretto-17.0.6\bin\jsvml.dll
Event: 0.134 Loaded shared library C:\Users\roman\.jdks\corretto-17.0.6\bin\zip.dll
Event: 0.136 Loaded shared library C:\Users\roman\.jdks\corretto-17.0.6\bin\instrument.dll
Event: 0.140 Loaded shared library C:\Users\roman\.jdks\corretto-17.0.6\bin\net.dll
Event: 0.141 Loaded shared library C:\Users\roman\.jdks\corretto-17.0.6\bin\nio.dll
Event: 0.143 Loaded shared library C:\Users\roman\.jdks\corretto-17.0.6\bin\zip.dll
Event: 0.241 Loaded shared library C:\Program Files\JetBrains\IntelliJ IDEA 2023.1\bin\breakgen64.dll
Event: 0.245 Loaded shared library C:\Users\roman\.jdks\corretto-17.0.6\bin\jimage.dll
Event: 0.258 Loaded shared library C:\Users\roman\.jdks\corretto-17.0.6\bin\management.dll
Event: 0.265 Loaded shared library C:\Users\roman\.jdks\corretto-17.0.6\bin\management_ext.dll
Event: 0.964 Loaded shared library C:\Users\roman\.jdks\corretto-17.0.6\bin\verify.dll

Deoptimization events (2 events):
Event: 1.001 Thread 0x0000024a27f933b0 DEOPT PACKING pc=0x0000024a175d0379 sp=0x0000006d9f2fcc10
Event: 1.001 Thread 0x0000024a27f933b0 DEOPT UNPACKING pc=0x0000024a17057143 sp=0x0000006d9f2fc0f0 mode 3

Classes unloaded (0 events):
No events

Classes redefined (0 events):
No events

Internal exceptions (20 events):
Event: 0.888 Thread 0x0000024a27f933b0 Exception <a 'java/lang/NoSuchMethodError'{0x0000000717626248}: 'void java.lang.invoke.DirectMethodHandle$Holder.invokeVirtual(java.lang.Object, java.lang.Object, java.lang.Object, java.lang.Object)'> (0x0000000717626248) 
thrown [s\src\hotspot\share\interpreter\linkResolver.cpp, line 759]
Event: 0.910 Thread 0x0000024a27f933b0 Exception <a 'java/lang/NoSuchMethodError'{0x000000071776f360}: 'void java.lang.invoke.DirectMethodHandle$Holder.invokeSpecial(java.lang.Object, java.lang.Object, java.lang.Object)'> (0x000000071776f360) 
thrown [s\src\hotspot\share\interpreter\linkResolver.cpp, line 759]
Event: 0.911 Thread 0x0000024a27f933b0 Exception <a 'java/lang/NoSuchMethodError'{0x0000000717775938}: 'void java.lang.invoke.DirectMethodHandle$Holder.invokeSpecial(java.lang.Object, java.lang.Object, java.lang.Object, java.lang.Object, java.lang.Object)'> (0x0000000717775938) 
thrown [s\src\hotspot\share\interpreter\linkResolver.cpp, line 759]
Event: 0.916 Thread 0x0000024a27f933b0 Exception <a 'java/lang/IncompatibleClassChangeError'{0x00000007177cd208}: Found class java.lang.Object, but interface was expected> (0x00000007177cd208) 
thrown [s\src\hotspot\share\interpreter\linkResolver.cpp, line 826]
Event: 1.070 Thread 0x0000024a2878d790 Exception <a 'java/lang/NoSuchMethodError'{0x00000007177243b0}: static [B.<clinit>()V> (0x00000007177243b0) 
thrown [s\src\hotspot\share\prims\jni.cpp, line 1107]
Event: 1.076 Thread 0x0000024a2878d790 Exception <a 'java/lang/ClassNotFoundException'{0x00000007177455e0}: javax/management/remote/rmi/RMIConnectionImpl_Skel> (0x00000007177455e0) 
thrown [s\src\hotspot\share\classfile\systemDictionary.cpp, line 256]
Event: 1.084 Thread 0x0000024a2878d790 Exception <a 'java/lang/reflect/InvocationTargetException'{0x0000000717517f08}> (0x0000000717517f08) 
thrown [s\src\hotspot\share\runtime\reflection.cpp, line 1121]
Event: 1.086 Thread 0x0000024a2878d790 Exception <a 'java/lang/NoSuchMethodError'{0x0000000717584380}: static [Ljava/lang/StackTraceElement;.<clinit>()V> (0x0000000717584380) 
thrown [s\src\hotspot\share\prims\jni.cpp, line 1107]
Event: 1.108 Thread 0x0000024a27f933b0 Exception <a 'java/lang/NoSuchMethodError'{0x000000071728c540}: 'int java.lang.invoke.DirectMethodHandle$Holder.invokeSpecial(java.lang.Object, java.lang.Object, java.lang.Object, java.lang.Object, java.lang.Object)'> (0x000000071728c540) 
thrown [s\src\hotspot\share\interpreter\linkResolver.cpp, line 759]
Event: 1.109 Thread 0x0000024a27f933b0 Exception <a 'java/lang/NoSuchMethodError'{0x000000071735c510}: 'void java.lang.invoke.DirectMethodHandle$Holder.invokeVirtual(java.lang.Object, java.lang.Object)'> (0x000000071735c510) 
thrown [s\src\hotspot\share\interpreter\linkResolver.cpp, line 759]
Event: 1.336 Thread 0x0000024a27f933b0 Exception <a 'java/lang/IncompatibleClassChangeError'{0x0000000715b7e110}: Found class java.lang.Object, but interface was expected> (0x0000000715b7e110) 
thrown [s\src\hotspot\share\interpreter\linkResolver.cpp, line 826]
Event: 1.361 Thread 0x0000024a27f933b0 Exception <a 'java/lang/NoSuchMethodError'{0x00000007156f1ca0}: 'void java.lang.invoke.DirectMethodHandle$Holder.invokeInterface(java.lang.Object, java.lang.Object, java.lang.Object, java.lang.Object)'> (0x00000007156f1ca0) 
thrown [s\src\hotspot\share\interpreter\linkResolver.cpp, line 759]
Event: 1.416 Thread 0x0000024a285c2740 Exception <a 'java/lang/NoSuchMethodError'{0x0000000714e43a98}: 'long java.lang.invoke.DirectMethodHandle$Holder.invokeSpecial(java.lang.Object, java.lang.Object)'> (0x0000000714e43a98) 
thrown [s\src\hotspot\share\interpreter\linkResolver.cpp, line 759]
Event: 1.416 Thread 0x0000024a285c2740 Exception <a 'java/lang/NoSuchMethodError'{0x0000000714ee22c8}: 'long java.lang.invoke.DirectMethodHandle$Holder.invokeStatic(java.lang.Object, java.lang.Object)'> (0x0000000714ee22c8) 
thrown [s\src\hotspot\share\interpreter\linkResolver.cpp, line 759]
Event: 1.416 Thread 0x0000024a285c2740 Exception <a 'java/lang/NoSuchMethodError'{0x0000000714ee58c8}: 'long java.lang.invoke.DirectMethodHandle$Holder.invokeStaticInit(java.lang.Object, java.lang.Object)'> (0x0000000714ee58c8) 
thrown [s\src\hotspot\share\interpreter\linkResolver.cpp, line 759]
Event: 1.417 Thread 0x0000024a285c2740 Exception <a 'java/lang/NoSuchMethodError'{0x0000000714ef33f0}: 'long java.lang.invoke.DirectMethodHandle$Holder.invokeInterface(java.lang.Object, java.lang.Object)'> (0x0000000714ef33f0) 
thrown [s\src\hotspot\share\interpreter\linkResolver.cpp, line 759]
Event: 1.417 Thread 0x0000024a285c2740 Exception <a 'java/lang/IncompatibleClassChangeError'{0x0000000714ef6980}: Found class java.lang.Object, but interface was expected> (0x0000000714ef6980) 
thrown [s\src\hotspot\share\interpreter\linkResolver.cpp, line 826]
Event: 1.425 Thread 0x0000024a285c2740 Exception <a 'java/lang/NoSuchMethodError'{0x0000000714f75a88}: 'java.lang.Object java.lang.invoke.DirectMethodHandle$Holder.invokeVirtual(java.lang.Object, java.lang.Object, java.lang.Object, java.lang.Object)'> (0x0000000714f75a88) 
thrown [s\src\hotspot\share\interpreter\linkResolver.cpp, line 759]
Event: 1.595 Thread 0x0000024a2878d790 Exception <a 'java/lang/reflect/InvocationTargetException'{0x000000070bf0b108}> (0x000000070bf0b108) 
thrown [s\src\hotspot\share\runtime\reflection.cpp, line 1121]
Event: 1.796 Thread 0x0000024a27f933b0 Exception <a 'java/lang/NoSuchMethodError'{0x000000070b174530}: 'java.lang.Object java.lang.invoke.DirectMethodHandle$Holder.invokeSpecialIFC(java.lang.Object, java.lang.Object, java.lang.Object)'> (0x000000070b174530) 
thrown [s\src\hotspot\share\interpreter\linkResolver.cpp, line 759]

VM Operations (20 events):
Event: 1.472 Executing VM operation: CollectForMetadataAllocation
Event: 1.475 Executing VM operation: CollectForMetadataAllocation done
Event: 1.478 Executing VM operation: G1Concurrent
Event: 1.479 Executing VM operation: G1Concurrent done
Event: 1.480 Executing VM operation: G1Concurrent
Event: 1.480 Executing VM operation: G1Concurrent done
Event: 1.739 Executing VM operation: HandshakeAllThreads
Event: 1.739 Executing VM operation: HandshakeAllThreads done
Event: 1.740 Executing VM operation: HandshakeAllThreads
Event: 1.740 Executing VM operation: HandshakeAllThreads done
Event: 1.745 Executing VM operation: HandshakeAllThreads
Event: 1.745 Executing VM operation: HandshakeAllThreads done
Event: 1.746 Executing VM operation: HandshakeAllThreads
Event: 1.746 Executing VM operation: HandshakeAllThreads done
Event: 1.797 Executing VM operation: ICBufferFull
Event: 1.797 Executing VM operation: ICBufferFull done
Event: 1.806 Executing VM operation: HandshakeAllThreads
Event: 1.806 Executing VM operation: HandshakeAllThreads done
Event: 1.861 Executing VM operation: G1CollectForAllocation
Event: 1.866 Executing VM operation: G1CollectForAllocation done

Events (20 events):
Event: 1.683 loading class java/lang/UnsupportedClassVersionError
Event: 1.683 loading class java/lang/ClassFormatError
Event: 1.683 loading class java/lang/ClassFormatError done
Event: 1.683 loading class java/lang/UnsupportedClassVersionError done
Event: 1.744 loading class java/util/Collections$UnmodifiableMap$UnmodifiableEntrySet
Event: 1.744 loading class java/util/Collections$UnmodifiableMap$UnmodifiableEntrySet done
Event: 1.745 loading class java/util/Collections$UnmodifiableMap$UnmodifiableEntrySet$1
Event: 1.745 loading class java/util/Collections$UnmodifiableMap$UnmodifiableEntrySet$1 done
Event: 1.745 loading class java/util/Collections$UnmodifiableMap$UnmodifiableEntrySet$UnmodifiableEntry
Event: 1.745 loading class java/util/Collections$UnmodifiableMap$UnmodifiableEntrySet$UnmodifiableEntry done
Event: 1.772 loading class java/util/stream/Streams$ConcatSpliterator$OfRef
Event: 1.772 loading class java/util/stream/Streams$ConcatSpliterator
Event: 1.772 loading class java/util/stream/Streams$ConcatSpliterator done
Event: 1.772 loading class java/util/stream/Streams$ConcatSpliterator$OfRef done
Event: 1.772 loading class java/util/stream/Streams$2
Event: 1.772 loading class java/util/stream/Streams$2 done
Event: 1.803 loading class java/util/stream/ReferencePipeline$15
Event: 1.803 loading class java/util/stream/ReferencePipeline$15 done
Event: 1.804 loading class java/util/stream/ReferencePipeline$15$1
Event: 1.804 loading class java/util/stream/ReferencePipeline$15$1 done


Dynamic libraries:
0x00007ff77ddc0000 - 0x00007ff77ddcd000 	C:\Users\roman\.jdks\corretto-17.0.6\bin\java.exe
0x00007ffcedf70000 - 0x00007ffcee168000 	C:\Windows\SYSTEM32\ntdll.dll
0x00007ffcecc30000 - 0x00007ffceccef000 	C:\Windows\System32\KERNEL32.DLL
0x00007ffceb9f0000 - 0x00007ffcebcca000 	C:\Windows\System32\KERNELBASE.dll
0x00007ffcebd20000 - 0x00007ffcebe20000 	C:\Windows\System32\ucrtbase.dll
0x00007ffcdb4d0000 - 0x00007ffcdb4e7000 	C:\Users\roman\.jdks\corretto-17.0.6\bin\jli.dll
0x00007ffcdb670000 - 0x00007ffcdb685000 	C:\Users\roman\.jdks\corretto-17.0.6\bin\VCRUNTIME140.dll
0x00007ffcec680000 - 0x00007ffcec81d000 	C:\Windows\System32\USER32.dll
0x00007ffcd9800000 - 0x00007ffcd9a9a000 	C:\Windows\WinSxS\amd64_microsoft.windows.common-controls_6595b64144ccf1df_6.0.19041.1110_none_60b5254171f9507e\COMCTL32.dll
0x00007ffcebe20000 - 0x00007ffcebe42000 	C:\Windows\System32\win32u.dll
0x00007ffcec8c0000 - 0x00007ffcec8eb000 	C:\Windows\System32\GDI32.dll
0x00007ffcec210000 - 0x00007ffcec2ae000 	C:\Windows\System32\msvcrt.dll
0x00007ffceb8e0000 - 0x00007ffceb9f0000 	C:\Windows\System32\gdi32full.dll
0x00007ffcebf30000 - 0x00007ffcebfcd000 	C:\Windows\System32\msvcp_win.dll
0x00007ffcecf90000 - 0x00007ffcecfc0000 	C:\Windows\System32\IMM32.DLL
0x00007ffcd4d10000 - 0x00007ffcd4dab000 	C:\Users\roman\.jdks\corretto-17.0.6\bin\msvcp140.dll
0x00007ffcb0200000 - 0x00007ffcb0e18000 	C:\Users\roman\.jdks\corretto-17.0.6\bin\server\jvm.dll
0x00007ffcede80000 - 0x00007ffcedf2e000 	C:\Windows\System32\ADVAPI32.dll
0x00007ffcec820000 - 0x00007ffcec8bc000 	C:\Windows\System32\sechost.dll
0x00007ffcecd10000 - 0x00007ffcece36000 	C:\Windows\System32\RPCRT4.dll
0x00007ffcd35c0000 - 0x00007ffcd35c9000 	C:\Windows\SYSTEM32\WSOCK32.dll
0x00007ffce1820000 - 0x00007ffce1847000 	C:\Windows\SYSTEM32\WINMM.dll
0x00007ffce5600000 - 0x00007ffce560a000 	C:\Windows\SYSTEM32\VERSION.dll
0x00007ffcec610000 - 0x00007ffcec67b000 	C:\Windows\System32\WS2_32.dll
0x00007ffce9ed0000 - 0x00007ffce9ee2000 	C:\Windows\SYSTEM32\kernel.appcore.dll
0x00007ffcdb650000 - 0x00007ffcdb65a000 	C:\Users\roman\.jdks\corretto-17.0.6\bin\jimage.dll
0x00007ffce9b40000 - 0x00007ffce9d24000 	C:\Windows\SYSTEM32\DBGHELP.DLL
0x00007ffcd53a0000 - 0x00007ffcd53d4000 	C:\Windows\SYSTEM32\dbgcore.DLL
0x00007ffceb680000 - 0x00007ffceb702000 	C:\Windows\System32\bcryptPrimitives.dll
0x00007ffcdede0000 - 0x00007ffcdedee000 	C:\Users\roman\.jdks\corretto-17.0.6\bin\instrument.dll
0x00007ffcd3920000 - 0x00007ffcd3945000 	C:\Users\roman\.jdks\corretto-17.0.6\bin\java.dll
0x00007ffcb8340000 - 0x00007ffcb8416000 	C:\Users\roman\.jdks\corretto-17.0.6\bin\jsvml.dll
0x00007ffcecfc0000 - 0x00007ffced704000 	C:\Windows\System32\SHELL32.dll
0x00007ffce93a0000 - 0x00007ffce9b33000 	C:\Windows\SYSTEM32\windows.storage.dll
0x00007ffcec2b0000 - 0x00007ffcec604000 	C:\Windows\System32\combase.dll
0x00007ffceb0e0000 - 0x00007ffceb10e000 	C:\Windows\SYSTEM32\Wldp.dll
0x00007ffcecaa0000 - 0x00007ffcecb4d000 	C:\Windows\System32\SHCORE.dll
0x00007ffcedb80000 - 0x00007ffcedbd5000 	C:\Windows\System32\shlwapi.dll
0x00007ffceb5c0000 - 0x00007ffceb5df000 	C:\Windows\SYSTEM32\profapi.dll
0x00007ffcd7b80000 - 0x00007ffcd7b98000 	C:\Users\roman\.jdks\corretto-17.0.6\bin\zip.dll
0x00007ffcdb190000 - 0x00007ffcdb1a9000 	C:\Users\roman\.jdks\corretto-17.0.6\bin\net.dll
0x00007ffce1b00000 - 0x00007ffce1c0a000 	C:\Windows\SYSTEM32\WINHTTP.dll
0x00007ffceae40000 - 0x00007ffceaeaa000 	C:\Windows\system32\mswsock.dll
0x00007ffcd8610000 - 0x00007ffcd8625000 	C:\Users\roman\.jdks\corretto-17.0.6\bin\nio.dll
0x00007ffcb84c0000 - 0x00007ffcb84da000 	C:\Program Files\JetBrains\IntelliJ IDEA 2023.1\bin\breakgen64.dll
0x00007ffceab20000 - 0x00007ffceabeb000 	C:\Windows\SYSTEM32\DNSAPI.dll
0x00007ffceaae0000 - 0x00007ffceab1c000 	C:\Windows\SYSTEM32\IPHLPAPI.DLL
0x00007ffcedd80000 - 0x00007ffcedd88000 	C:\Windows\System32\NSI.dll
0x00007ffcd8600000 - 0x00007ffcd860a000 	C:\Windows\System32\rasadhlp.dll
0x00007ffcd88c0000 - 0x00007ffcd8940000 	C:\Windows\System32\fwpuclnt.dll
0x00007ffcebe50000 - 0x00007ffcebe77000 	C:\Windows\System32\bcrypt.dll
0x00007ffcdead0000 - 0x00007ffcdead9000 	C:\Users\roman\.jdks\corretto-17.0.6\bin\management.dll
0x00007ffcdb500000 - 0x00007ffcdb50b000 	C:\Users\roman\.jdks\corretto-17.0.6\bin\management_ext.dll
0x00007ffcece40000 - 0x00007ffcece48000 	C:\Windows\System32\PSAPI.DLL
0x00007ffceb040000 - 0x00007ffceb058000 	C:\Windows\SYSTEM32\CRYPTSP.dll
0x00007ffcea6f0000 - 0x00007ffcea724000 	C:\Windows\system32\rsaenh.dll
0x00007ffceb580000 - 0x00007ffceb5ae000 	C:\Windows\SYSTEM32\USERENV.dll
0x00007ffceb030000 - 0x00007ffceb03c000 	C:\Windows\SYSTEM32\CRYPTBASE.dll
0x00007ffce36a0000 - 0x00007ffce36b7000 	C:\Windows\SYSTEM32\dhcpcsvc6.DLL
0x00007ffce3bb0000 - 0x00007ffce3bcd000 	C:\Windows\SYSTEM32\dhcpcsvc.DLL
0x00007ffcd0970000 - 0x00007ffcd0987000 	C:\Windows\system32\napinsp.dll
0x00007ffcd0790000 - 0x00007ffcd07ab000 	C:\Windows\system32\pnrpnsp.dll
0x00007ffcc08e0000 - 0x00007ffcc08f5000 	C:\Windows\system32\wshbth.dll
0x00007ffce6ff0000 - 0x00007ffce700d000 	C:\Windows\system32\NLAapi.dll
0x00007ffcd0670000 - 0x00007ffcd0682000 	C:\Windows\System32\winrnr.dll
0x00007ffcd7900000 - 0x00007ffcd7910000 	C:\Users\roman\.jdks\corretto-17.0.6\bin\verify.dll

dbghelp: loaded successfully - version: 4.0.5 - missing functions: none
symbol engine: initialized successfully - sym options: 0x614 - pdb path: .;C:\Users\roman\.jdks\corretto-17.0.6\bin;C:\Windows\SYSTEM32;C:\Windows\WinSxS\amd64_microsoft.windows.common-controls_6595b64144ccf1df_6.0.19041.1110_none_60b5254171f9507e;C:\Users\roman\.jdks\corretto-17.0.6\bin\server;C:\Program Files\JetBrains\IntelliJ IDEA 2023.1\bin

VM Arguments:
jvm_args: -Dtelegram.bot.token=5859563101:AAHEImLDvAvadiSeU2pb8eBriLkoNc0_njA -XX:TieredStopAtLevel=1 -Dspring.output.ansi.enabled=always -Dcom.sun.management.jmxremote -Dspring.jmx.enabled=true -Dspring.liveBeansView.mbeanDomain -Dspring.application.admin.enabled=true -Dmanagement.endpoints.jmx.exposure.include=* -javaagent:C:\Program Files\JetBrains\IntelliJ IDEA 2023.1\lib\idea_rt.jar=57391:C:\Program Files\JetBrains\IntelliJ IDEA 2023.1\bin -Dfile.encoding=UTF-8 
java_command: com.example.animalshelter.AnimalShelterApplication
java_class_path (initial): C:\Users\roman\IdeaProjects\AnimalShelter\target\classes;C:\Users\roman\.m2\repository\org\springframework\boot\spring-boot-starter-web\3.0.5\spring-boot-starter-web-3.0.5.jar;C:\Users\roman\.m2\repository\org\springframework\boot\spring-boot-starter\3.0.5\spring-boot-starter-3.0.5.jar;C:\Users\roman\.m2\repository\org\springframework\boot\spring-boot-starter-logging\3.0.5\spring-boot-starter-logging-3.0.5.jar;C:\Users\roman\.m2\repository\ch\qos\logback\logback-classic\1.4.6\logback-classic-1.4.6.jar;C:\Users\roman\.m2\repository\ch\qos\logback\logback-core\1.4.6\logback-core-1.4.6.jar;C:\Users\roman\.m2\repository\org\apache\logging\log4j\log4j-to-slf4j\2.19.0\log4j-to-slf4j-2.19.0.jar;C:\Users\roman\.m2\repository\org\apache\logging\log4j\log4j-api\2.19.0\log4j-api-2.19.0.jar;C:\Users\roman\.m2\repository\org\slf4j\jul-to-slf4j\2.0.7\jul-to-slf4j-2.0.7.jar;C:\Users\roman\.m2\repository\jakarta\annotation\jakarta.annotation-api\2.1.1\jakarta.annotation-api-2.1.1.jar;C:\Users\roman\.m2\repository\org\springframework\boot\spring-boot-starter-json\3.0.5\spring-boot-starter-json-3.0.5.jar;C:\Users\roman\.m2\repository\com\fasterxml\jackson\datatype\jackson-datatype-jdk8\2.14.2\jackson-datatype-jdk8-2.14.2.jar;C:\Users\roman\.m2\repository\com\fasterxml\jackson\datatype\jackson-datatype-jsr310\2.14.2\jackson-datatype-jsr310-2.14.2.jar;C:\Users\roman\.m2\repository\com\fasterxml\jackson\module\jackson-module-parameter-names\2.14.2\jackson-module-parameter-names-2.14.2.jar;C:\Users\roman\.m2\repository\org\springframework\boot\spring-boot-starter-tomcat\3.0.5\spring-boot-starter-tomcat-3.0.5.jar;C:\Users\roman\.m2\repository\org\apache\tomcat\embed\tomcat-embed-core\10.1.7\tomcat-embed-core-10.1.7.jar;C:\Users\roman\.m2\repository\org\apache\tomcat\embed\tomcat-embed-el\10.1.7\tomcat-embed-el-10.1.7.jar;C:\Users\roman\.m2\repository\org\apache\tomcat\embed\tomcat-embed-websocket\10.1.7\tomcat-embed-websocket-10.1.7.jar;C:\Users\roman\.m2\repo
Launcher Type: SUN_STANDARD

[Global flags]
     intx CICompilerCount                          = 12                                        {product} {ergonomic}
     uint ConcGCThreads                            = 3                                         {product} {ergonomic}
     uint G1ConcRefinementThreads                  = 13                                        {product} {ergonomic}
   size_t G1HeapRegionSize                         = 2097152                                   {product} {ergonomic}
    uintx GCDrainStackTargetSize                   = 64                                        {product} {ergonomic}
   size_t InitialHeapSize                          = 260046848                                 {product} {ergonomic}
     bool ManagementServer                         = true                                      {product} {command line}
   size_t MarkStackSize                            = 4194304                                   {product} {ergonomic}
   size_t MaxHeapSize                              = 4139778048                                {product} {ergonomic}
   size_t MaxNewSize                               = 2483027968                                {product} {ergonomic}
   size_t MinHeapDeltaBytes                        = 2097152                                   {product} {ergonomic}
   size_t MinHeapSize                              = 8388608                                   {product} {ergonomic}
    uintx NonProfiledCodeHeapSize                  = 0                                      {pd product} {ergonomic}
     bool ProfileInterpreter                       = false                                  {pd product} {command line}
    uintx ProfiledCodeHeapSize                     = 0                                      {pd product} {ergonomic}
   size_t SoftMaxHeapSize                          = 4139778048                             {manageable} {ergonomic}
     intx TieredStopAtLevel                        = 1                                         {product} {command line}
     bool UseCompressedClassPointers               = true                           {product lp64_product} {ergonomic}
     bool UseCompressedOops                        = true                           {product lp64_product} {ergonomic}
     bool UseG1GC                                  = true                                      {product} {ergonomic}
     bool UseLargePagesIndividualAllocation        = false                                  {pd product} {ergonomic}

Logging:
Log output configuration:
 #0: stdout all=warning uptime,level,tags
 #1: stderr all=off uptime,level,tags

Environment Variables:
PATH=C:\Program Files (x86)\Common Files\Oracle\Java\javapath;C:\Windows\system32;C:\Windows;C:\Windows\System32\Wbem;C:\Windows\System32\WindowsPowerShell\v1.0\;C:\Windows\System32\OpenSSH\;C:\Program Files\NVIDIA Corporation\NVIDIA NvDLISR;C:\Program Files (x86)\NVIDIA Corporation\PhysX\Common;C:\Program Files\Git\cmd;C:\Users\roman\AppData\Local\Microsoft\WindowsApps;
USERNAME=roman
OS=Windows_NT
PROCESSOR_IDENTIFIER=AMD64 Family 23 Model 96 Stepping 1, AuthenticAMD
TMP=C:\Users\roman\AppData\Local\Temp
TEMP=C:\Users\roman\AppData\Local\Temp



---------------  S Y S T E M  ---------------

OS:
 Windows 10 , 64 bit Build 19041 (10.0.19041.2788)
OS uptime: 1 days 18:55 hours

CPU: total 16 (initial active 16) (16 cores per cpu, 2 threads per core) family 23 model 96 stepping 1 microcode 0x0, cx8, cmov, fxsr, ht, mmx, 3dnowpref, sse, sse2, sse3, ssse3, sse4a, sse4.1, sse4.2, popcnt, lzcnt, tsc, tscinvbit, avx, avx2, aes, clmul, bmi1, bmi2, adx, sha, fma, vzeroupper, clflush, clflushopt

Memory: 4k page, system-wide physical 15789M (5450M free)
TotalPageFile size 22189M (AvailPageFile size 3193M)
current process WorkingSet (physical memory assigned to process): 131M, peak: 153M
current process commit charge ("private bytes"): 196M, peak: 386M

vm_info: OpenJDK 64-Bit Server VM (17.0.6+10-LTS) for windows-amd64 JRE (17.0.6+10-LTS), built on Jan 13 2023 22:57:04 by "Administrator" with MS VC++ 15.9 (VS2017)

END.
